<?xml version="1.0" encoding="UTF-8"?>
<!-- Generated by org.testng.reporters.JUnitReportReporter -->
<testsuite hostname="BMCTRT1Z2" failures="0" tests="3" name="com.TestNG.TestngBasics" time="0.008" errors="0" timestamp="2021-03-23T12:51:31 IST" skipped="0">
  <testcase classname="com.TestNG.TestngBasics" name="googleLogoTest" time="0.005"/>
  <system-out/>
  <testcase classname="com.TestNG.TestngBasics" name="searchTest" time="0.001"/>
  <system-out/>
  <testcase classname="com.TestNG.TestngBasics" name="googleTitleTest" time="0.002"/>
  <system-out/>
</testsuite> <!-- com.TestNG.TestngBasics -->
